This file contains any messages produced by compilers while
running configure, to aid debugging if configure makes a mistake.

It was created by configure, which was
generated by GNU Autoconf 2.61.  Invocation command line was

  $ ./configure --prefix=/usr/local --host=ppc host_alias=ppc CC=/c/devkitPro/devkitPPC/bin/powerpc-gekko-gcc CFLAGS=-mcpu=750 --cache-file=/dev/null --srcdir=.

## --------- ##
## Platform. ##
## --------- ##

hostname = DESARROLLO
uname -m = i686
uname -r = 1.0.11(0.46/3/2)
uname -s = MINGW32_NT-5.1
uname -v = 2007-07-29 17:16

/usr/bin/uname -p = unknown
/bin/uname -X     = unknown

/bin/arch              = unknown
/usr/bin/arch -k       = unknown
/usr/convex/getsysinfo = unknown
/usr/bin/hostinfo      = unknown
/bin/machine           = unknown
/usr/bin/oslevel       = unknown
/bin/universe          = unknown

PATH: .
PATH: /usr/local/bin
PATH: /mingw/bin
PATH: /bin
PATH: /bin
PATH: /c/WINDOWS/system32
PATH: /c/WINDOWS
PATH: /c/WINDOWS/System32/Wbem
PATH: /c/Archivos de programa/CodeGear/RAD Studio/5.0/bin
PATH: /c/archivos de programa/codegear/rad studio/5.0/Projects/Bpl
PATH: /c/Documents and Settings/All Users/Documentos/RAD Studio/5.0/Bpl
PATH: /c/Archivos de programa/CollabNet Subversion Client
PATH: /c/Archivos de programa/Subversion/bin
PATH: /c/Archivos de programa/Microsoft SQL Server/80/Tools/Binn/
PATH: /c/Archivos de programa/Borland/CBuilder6/Bin
PATH: /c/Archivos de programa/Borland/CBuilder6/Bpl
PATH: /c/Archivos de programa/Borland/CBuilder6/Projects/Bpl
PATH: /c/Archivos de programa/CVSNT/
PATH: /c/Archivos de programa/Java/jdk1.6.0_04/bin
PATH: /c/Archivos de programa/Git/cmd
PATH: /c/Archivos de programa/Microsoft SQL Server/90/Tools/binn/d
PATH: /jet6.0-eval/bin
PATH: .
PATH: /c/Archivos de programa/Archivos comunes/Ahead/Lib/


## ----------- ##
## Core tests. ##
## ----------- ##

configure:1927: checking whether make sets $(MAKE)
configure:1948: result: yes
configure:1969: checking for ppc-gcc
configure:1996: result: /c/devkitPro/devkitPPC/bin/powerpc-gekko-gcc
configure:2274: checking for C compiler version
configure:2281: /c/devkitPro/devkitPPC/bin/powerpc-gekko-gcc --version >&5
powerpc-gekko-gcc.exe (GCC) 4.2.4 (devkitPPC release 15)
Copyright (C) 2007 Free Software Foundation, Inc.
This is free software; see the source for copying conditions.  There is NO
warranty; not even for MERCHANTABILITY or FITNESS FOR A PARTICULAR PURPOSE.

configure:2284: $? = 0
configure:2291: /c/devkitPro/devkitPPC/bin/powerpc-gekko-gcc -v >&5
Using built-in specs.
Target: powerpc-gekko
Configured with: ../../gcc-4.2.4/configure --enable-languages=c,c++ --with-cpu=750 --without-headers --disable-nls --disable-shared --enable-threads --disable-multilib --disable-win32-registry --disable-libstdcxx-pch --target=powerpc-gekko --with-newlib --prefix=c:/devkitPro/devkitPPC --disable-denpendency-tracking
Thread model: single
gcc version 4.2.4 (devkitPPC release 15)
configure:2294: $? = 0
configure:2301: /c/devkitPro/devkitPPC/bin/powerpc-gekko-gcc -V >&5
powerpc-gekko-gcc.exe: '-V' option must have argument
configure:2304: $? = 1
configure:2327: checking for C compiler default output file name
configure:2354: /c/devkitPro/devkitPPC/bin/powerpc-gekko-gcc -mcpu=750   conftest.c  >&5
c:/devkitpro/devkitppc/bin/../lib/gcc/powerpc-gekko/4.2.4/../../../../powerpc-gekko/bin/ld.exe: warning: cannot find entry symbol _start; defaulting to 01800054
configure:2357: $? = 0
configure:2395: result: a.out
configure:2412: checking whether the C compiler works
configure:2422: ./a.out
./a.out: ./a.out: cannot execute binary file
configure:2425: $? = 126
configure:2442: result: yes
configure:2449: checking whether we are cross compiling
configure:2451: result: yes
configure:2454: checking for suffix of executables
configure:2461: /c/devkitPro/devkitPPC/bin/powerpc-gekko-gcc -o conftest -mcpu=750   conftest.c  >&5
c:/devkitpro/devkitppc/bin/../lib/gcc/powerpc-gekko/4.2.4/../../../../powerpc-gekko/bin/ld.exe: warning: cannot find entry symbol _start; defaulting to 01800054
configure:2464: $? = 0
configure:2488: result: 
configure:2494: checking for suffix of object files
configure:2520: /c/devkitPro/devkitPPC/bin/powerpc-gekko-gcc -c -mcpu=750  conftest.c >&5
configure:2523: $? = 0
configure:2546: result: o
configure:2550: checking whether we are using the GNU C compiler
configure:2579: /c/devkitPro/devkitPPC/bin/powerpc-gekko-gcc -c -mcpu=750  conftest.c >&5
configure:2585: $? = 0
configure:2602: result: yes
configure:2607: checking whether /c/devkitPro/devkitPPC/bin/powerpc-gekko-gcc accepts -g
configure:2637: /c/devkitPro/devkitPPC/bin/powerpc-gekko-gcc -c -g  conftest.c >&5
configure:2643: $? = 0
configure:2742: result: yes
configure:2759: checking for /c/devkitPro/devkitPPC/bin/powerpc-gekko-gcc option to accept ISO C89
configure:2833: /c/devkitPro/devkitPPC/bin/powerpc-gekko-gcc  -c -mcpu=750  conftest.c >&5
configure:2839: $? = 0
configure:2862: result: none needed
configure:2885: checking how to run the C preprocessor
configure:2925: /c/devkitPro/devkitPPC/bin/powerpc-gekko-gcc -E  conftest.c
configure:2931: $? = 0
configure:2962: /c/devkitPro/devkitPPC/bin/powerpc-gekko-gcc -E  conftest.c
conftest.c:8:28: error: ac_nonexistent.h: No such file or directory
configure:2968: $? = 1
configure: failed program was:
| /* confdefs.h.  */
| #define PACKAGE_NAME ""
| #define PACKAGE_TARNAME ""
| #define PACKAGE_VERSION ""
| #define PACKAGE_STRING ""
| #define PACKAGE_BUGREPORT ""
| /* end confdefs.h.  */
| #include <ac_nonexistent.h>
configure:3001: result: /c/devkitPro/devkitPPC/bin/powerpc-gekko-gcc -E
configure:3030: /c/devkitPro/devkitPPC/bin/powerpc-gekko-gcc -E  conftest.c
configure:3036: $? = 0
configure:3067: /c/devkitPro/devkitPPC/bin/powerpc-gekko-gcc -E  conftest.c
conftest.c:8:28: error: ac_nonexistent.h: No such file or directory
configure:3073: $? = 1
configure: failed program was:
| /* confdefs.h.  */
| #define PACKAGE_NAME ""
| #define PACKAGE_TARNAME ""
| #define PACKAGE_VERSION ""
| #define PACKAGE_STRING ""
| #define PACKAGE_BUGREPORT ""
| /* end confdefs.h.  */
| #include <ac_nonexistent.h>
configure:3123: checking for a BSD-compatible install
configure:3179: result: /bin/install -c
configure:3198: checking build system type
configure:3216: result: i686-pc-mingw32
configure:3238: checking host system type
configure:3253: result: powerpc-unknown-none
configure:3278: checking whether to activate relocatable installation
configure:3293: result: no
configure:3332: checking for grep that handles long lines and -e
configure:3406: result: /bin/grep
configure:3411: checking for egrep
configure:3489: result: /bin/grep -E
configure:3495: checking for AIX
configure:3517: result: no
configure:3523: checking for ANSI C header files
configure:3553: /c/devkitPro/devkitPPC/bin/powerpc-gekko-gcc -c -mcpu=750  conftest.c >&5
configure:3559: $? = 0
configure:3687: result: yes
configure:3711: checking for sys/types.h
configure:3732: /c/devkitPro/devkitPPC/bin/powerpc-gekko-gcc -c -mcpu=750  conftest.c >&5
configure:3738: $? = 0
configure:3754: result: yes
configure:3711: checking for sys/stat.h
configure:3732: /c/devkitPro/devkitPPC/bin/powerpc-gekko-gcc -c -mcpu=750  conftest.c >&5
configure:3738: $? = 0
configure:3754: result: yes
configure:3711: checking for stdlib.h
configure:3732: /c/devkitPro/devkitPPC/bin/powerpc-gekko-gcc -c -mcpu=750  conftest.c >&5
configure:3738: $? = 0
configure:3754: result: yes
configure:3711: checking for string.h
configure:3732: /c/devkitPro/devkitPPC/bin/powerpc-gekko-gcc -c -mcpu=750  conftest.c >&5
configure:3738: $? = 0
configure:3754: result: yes
configure:3711: checking for memory.h
configure:3732: /c/devkitPro/devkitPPC/bin/powerpc-gekko-gcc -c -mcpu=750  conftest.c >&5
conftest.c:48:20: error: memory.h: No such file or directory
configure:3738: $? = 1
configure: failed program was:
| /* confdefs.h.  */
| #define PACKAGE_NAME ""
| #define PACKAGE_TARNAME ""
| #define PACKAGE_VERSION ""
| #define PACKAGE_STRING ""
| #define PACKAGE_BUGREPORT ""
| #define INSTALLPREFIX "/usr/local"
| #define STDC_HEADERS 1
| #define HAVE_SYS_TYPES_H 1
| #define HAVE_SYS_STAT_H 1
| #define HAVE_STDLIB_H 1
| #define HAVE_STRING_H 1
| /* end confdefs.h.  */
| #include <stdio.h>
| #ifdef HAVE_SYS_TYPES_H
| # include <sys/types.h>
| #endif
| #ifdef HAVE_SYS_STAT_H
| # include <sys/stat.h>
| #endif
| #ifdef STDC_HEADERS
| # include <stdlib.h>
| # include <stddef.h>
| #else
| # ifdef HAVE_STDLIB_H
| #  include <stdlib.h>
| # endif
| #endif
| #ifdef HAVE_STRING_H
| # if !defined STDC_HEADERS && defined HAVE_MEMORY_H
| #  include <memory.h>
| # endif
| # include <string.h>
| #endif
| #ifdef HAVE_STRINGS_H
| # include <strings.h>
| #endif
| #ifdef HAVE_INTTYPES_H
| # include <inttypes.h>
| #endif
| #ifdef HAVE_STDINT_H
| # include <stdint.h>
| #endif
| #ifdef HAVE_UNISTD_H
| # include <unistd.h>
| #endif
| 
| #include <memory.h>
configure:3754: result: no
configure:3711: checking for strings.h
configure:3732: /c/devkitPro/devkitPPC/bin/powerpc-gekko-gcc -c -mcpu=750  conftest.c >&5
conftest.c:48:21: error: strings.h: No such file or directory
configure:3738: $? = 1
configure: failed program was:
| /* confdefs.h.  */
| #define PACKAGE_NAME ""
| #define PACKAGE_TARNAME ""
| #define PACKAGE_VERSION ""
| #define PACKAGE_STRING ""
| #define PACKAGE_BUGREPORT ""
| #define INSTALLPREFIX "/usr/local"
| #define STDC_HEADERS 1
| #define HAVE_SYS_TYPES_H 1
| #define HAVE_SYS_STAT_H 1
| #define HAVE_STDLIB_H 1
| #define HAVE_STRING_H 1
| /* end confdefs.h.  */
| #include <stdio.h>
| #ifdef HAVE_SYS_TYPES_H
| # include <sys/types.h>
| #endif
| #ifdef HAVE_SYS_STAT_H
| # include <sys/stat.h>
| #endif
| #ifdef STDC_HEADERS
| # include <stdlib.h>
| # include <stddef.h>
| #else
| # ifdef HAVE_STDLIB_H
| #  include <stdlib.h>
| # endif
| #endif
| #ifdef HAVE_STRING_H
| # if !defined STDC_HEADERS && defined HAVE_MEMORY_H
| #  include <memory.h>
| # endif
| # include <string.h>
| #endif
| #ifdef HAVE_STRINGS_H
| # include <strings.h>
| #endif
| #ifdef HAVE_INTTYPES_H
| # include <inttypes.h>
| #endif
| #ifdef HAVE_STDINT_H
| # include <stdint.h>
| #endif
| #ifdef HAVE_UNISTD_H
| # include <unistd.h>
| #endif
| 
| #include <strings.h>
configure:3754: result: no
configure:3711: checking for inttypes.h
configure:3732: /c/devkitPro/devkitPPC/bin/powerpc-gekko-gcc -c -mcpu=750  conftest.c >&5
configure:3738: $? = 0
configure:3754: result: yes
configure:3711: checking for stdint.h
configure:3732: /c/devkitPro/devkitPPC/bin/powerpc-gekko-gcc -c -mcpu=750  conftest.c >&5
configure:3738: $? = 0
configure:3754: result: yes
configure:3711: checking for unistd.h
configure:3732: /c/devkitPro/devkitPPC/bin/powerpc-gekko-gcc -c -mcpu=750  conftest.c >&5
configure:3738: $? = 0
configure:3754: result: yes
configure:3776: checking minix/config.h usability
configure:3793: /c/devkitPro/devkitPPC/bin/powerpc-gekko-gcc -c -mcpu=750  conftest.c >&5
conftest.c:50:26: error: minix/config.h: No such file or directory
configure:3799: $? = 1
configure: failed program was:
| /* confdefs.h.  */
| #define PACKAGE_NAME ""
| #define PACKAGE_TARNAME ""
| #define PACKAGE_VERSION ""
| #define PACKAGE_STRING ""
| #define PACKAGE_BUGREPORT ""
| #define INSTALLPREFIX "/usr/local"
| #define STDC_HEADERS 1
| #define HAVE_SYS_TYPES_H 1
| #define HAVE_SYS_STAT_H 1
| #define HAVE_STDLIB_H 1
| #define HAVE_STRING_H 1
| #define HAVE_INTTYPES_H 1
| #define HAVE_STDINT_H 1
| #define HAVE_UNISTD_H 1
| /* end confdefs.h.  */
| #include <stdio.h>
| #ifdef HAVE_SYS_TYPES_H
| # include <sys/types.h>
| #endif
| #ifdef HAVE_SYS_STAT_H
| # include <sys/stat.h>
| #endif
| #ifdef STDC_HEADERS
| # include <stdlib.h>
| # include <stddef.h>
| #else
| # ifdef HAVE_STDLIB_H
| #  include <stdlib.h>
| # endif
| #endif
| #ifdef HAVE_STRING_H
| # if !defined STDC_HEADERS && defined HAVE_MEMORY_H
| #  include <memory.h>
| # endif
| # include <string.h>
| #endif
| #ifdef HAVE_STRINGS_H
| # include <strings.h>
| #endif
| #ifdef HAVE_INTTYPES_H
| # include <inttypes.h>
| #endif
| #ifdef HAVE_STDINT_H
| # include <stdint.h>
| #endif
| #ifdef HAVE_UNISTD_H
| # include <unistd.h>
| #endif
| #include <minix/config.h>
configure:3813: result: no
configure:3817: checking minix/config.h presence
configure:3832: /c/devkitPro/devkitPPC/bin/powerpc-gekko-gcc -E  conftest.c
conftest.c:17:26: error: minix/config.h: No such file or directory
configure:3838: $? = 1
configure: failed program was:
| /* confdefs.h.  */
| #define PACKAGE_NAME ""
| #define PACKAGE_TARNAME ""
| #define PACKAGE_VERSION ""
| #define PACKAGE_STRING ""
| #define PACKAGE_BUGREPORT ""
| #define INSTALLPREFIX "/usr/local"
| #define STDC_HEADERS 1
| #define HAVE_SYS_TYPES_H 1
| #define HAVE_SYS_STAT_H 1
| #define HAVE_STDLIB_H 1
| #define HAVE_STRING_H 1
| #define HAVE_INTTYPES_H 1
| #define HAVE_STDINT_H 1
| #define HAVE_UNISTD_H 1
| /* end confdefs.h.  */
| #include <minix/config.h>
configure:3852: result: no
configure:3880: checking for minix/config.h
configure:3887: result: no
configure:3996: checking for a sed that does not truncate output
configure:4052: result: /bin/sed
configure:4066: checking for ld used by /c/devkitPro/devkitPPC/bin/powerpc-gekko-gcc
configure:4133: result: c:/devkitpro/devkitppc/powerpc-gekko/bin/ld.exe
configure:4142: checking if the linker (c:/devkitpro/devkitppc/powerpc-gekko/bin/ld.exe) is GNU ld
configure:4157: result: yes
configure:4162: checking for c:/devkitpro/devkitppc/powerpc-gekko/bin/ld.exe option to reload object files
configure:4169: result: -r
configure:4187: checking for BSD-compatible nm
configure:4236: result: nm
configure:4240: checking whether ln -s works
configure:4244: result: yes
configure:4251: checking how to recognize dependent libraries
configure:4437: result: unknown
configure:4975: checking dlfcn.h usability
configure:4992: /c/devkitPro/devkitPPC/bin/powerpc-gekko-gcc -c -mcpu=750  conftest.c >&5
conftest.c:50:19: error: dlfcn.h: No such file or directory
configure:4998: $? = 1
configure: failed program was:
| /* confdefs.h.  */
| #define PACKAGE_NAME ""
| #define PACKAGE_TARNAME ""
| #define PACKAGE_VERSION ""
| #define PACKAGE_STRING ""
| #define PACKAGE_BUGREPORT ""
| #define INSTALLPREFIX "/usr/local"
| #define STDC_HEADERS 1
| #define HAVE_SYS_TYPES_H 1
| #define HAVE_SYS_STAT_H 1
| #define HAVE_STDLIB_H 1
| #define HAVE_STRING_H 1
| #define HAVE_INTTYPES_H 1
| #define HAVE_STDINT_H 1
| #define HAVE_UNISTD_H 1
| /* end confdefs.h.  */
| #include <stdio.h>
| #ifdef HAVE_SYS_TYPES_H
| # include <sys/types.h>
| #endif
| #ifdef HAVE_SYS_STAT_H
| # include <sys/stat.h>
| #endif
| #ifdef STDC_HEADERS
| # include <stdlib.h>
| # include <stddef.h>
| #else
| # ifdef HAVE_STDLIB_H
| #  include <stdlib.h>
| # endif
| #endif
| #ifdef HAVE_STRING_H
| # if !defined STDC_HEADERS && defined HAVE_MEMORY_H
| #  include <memory.h>
| # endif
| # include <string.h>
| #endif
| #ifdef HAVE_STRINGS_H
| # include <strings.h>
| #endif
| #ifdef HAVE_INTTYPES_H
| # include <inttypes.h>
| #endif
| #ifdef HAVE_STDINT_H
| # include <stdint.h>
| #endif
| #ifdef HAVE_UNISTD_H
| # include <unistd.h>
| #endif
| #include <dlfcn.h>
configure:5012: result: no
configure:5016: checking dlfcn.h presence
configure:5031: /c/devkitPro/devkitPPC/bin/powerpc-gekko-gcc -E  conftest.c
conftest.c:17:19: error: dlfcn.h: No such file or directory
configure:5037: $? = 1
configure: failed program was:
| /* confdefs.h.  */
| #define PACKAGE_NAME ""
| #define PACKAGE_TARNAME ""
| #define PACKAGE_VERSION ""
| #define PACKAGE_STRING ""
| #define PACKAGE_BUGREPORT ""
| #define INSTALLPREFIX "/usr/local"
| #define STDC_HEADERS 1
| #define HAVE_SYS_TYPES_H 1
| #define HAVE_SYS_STAT_H 1
| #define HAVE_STDLIB_H 1
| #define HAVE_STRING_H 1
| #define HAVE_INTTYPES_H 1
| #define HAVE_STDINT_H 1
| #define HAVE_UNISTD_H 1
| /* end confdefs.h.  */
| #include <dlfcn.h>
configure:5051: result: no
configure:5079: checking for dlfcn.h
configure:5087: result: no
configure:5114: checking for ppc-g++
configure:5144: result: no
configure:5114: checking for ppc-c++
configure:5144: result: no
configure:5114: checking for ppc-gpp
configure:5144: result: no
configure:5114: checking for ppc-aCC
configure:5144: result: no
configure:5114: checking for ppc-CC
configure:5144: result: no
configure:5114: checking for ppc-cxx
configure:5144: result: no
configure:5114: checking for ppc-cc++
configure:5144: result: no
configure:5114: checking for ppc-cl.exe
configure:5144: result: no
configure:5114: checking for ppc-FCC
configure:5144: result: no
configure:5114: checking for ppc-KCC
configure:5144: result: no
configure:5114: checking for ppc-RCC
configure:5144: result: no
configure:5114: checking for ppc-xlC_r
configure:5144: result: no
configure:5114: checking for ppc-xlC
configure:5144: result: no
configure:5158: checking for g++
configure:5174: found /mingw/bin/g++
configure:5185: result: g++
configure:5203: WARNING: In the future, Autoconf will not detect cross-tools
whose name does not start with the host triplet.  If you think this
configuration is useful to you, please write to autoconf@gnu.org.
configure:5216: checking for C++ compiler version
configure:5223: g++ --version >&5
g++.exe (GCC) 3.4.5 (mingw-vista special r3)
Copyright (C) 2004 Free Software Foundation, Inc.
This is free software; see the source for copying conditions.  There is NO
warranty; not even for MERCHANTABILITY or FITNESS FOR A PARTICULAR PURPOSE.

configure:5226: $? = 0
configure:5233: g++ -v >&5
Reading specs from c:/mingw/bin/../lib/gcc/mingw32/3.4.5/specs
Configured with: ../gcc-3.4.5-20060117-3/configure --with-gcc --with-gnu-ld --with-gnu-as --host=mingw32 --target=mingw32 --prefix=/mingw --enable-threads --disable-nls --enable-languages=c,c++,f77,ada,objc,java --disable-win32-registry --disable-shared --enable-sjlj-exceptions --enable-libgcj --disable-java-awt --without-x --enable-java-gc=boehm --disable-libgcj-debug --enable-interpreter --enable-hash-synchronization --enable-libstdcxx-debug
Thread model: win32
gcc version 3.4.5 (mingw-vista special r3)
configure:5236: $? = 0
configure:5243: g++ -V >&5
g++.exe: `-V' option must have argument
configure:5246: $? = 1
configure:5249: checking whether we are using the GNU C++ compiler
configure:5278: g++ -c   conftest.cpp >&5
configure:5284: $? = 0
configure:5301: result: yes
configure:5306: checking whether g++ accepts -g
configure:5336: g++ -c -g  conftest.cpp >&5
configure:5342: $? = 0
configure:5441: result: yes
configure:5474: checking how to run the C++ preprocessor
configure:5510: g++ -E  conftest.cpp
configure:5516: $? = 0
configure:5547: g++ -E  conftest.cpp
conftest.cpp:17:28: ac_nonexistent.h: No such file or directory
configure:5553: $? = 1
configure: failed program was:
| /* confdefs.h.  */
| #define PACKAGE_NAME ""
| #define PACKAGE_TARNAME ""
| #define PACKAGE_VERSION ""
| #define PACKAGE_STRING ""
| #define PACKAGE_BUGREPORT ""
| #define INSTALLPREFIX "/usr/local"
| #define STDC_HEADERS 1
| #define HAVE_SYS_TYPES_H 1
| #define HAVE_SYS_STAT_H 1
| #define HAVE_STDLIB_H 1
| #define HAVE_STRING_H 1
| #define HAVE_INTTYPES_H 1
| #define HAVE_STDINT_H 1
| #define HAVE_UNISTD_H 1
| /* end confdefs.h.  */
| #include <ac_nonexistent.h>
configure:5586: result: g++ -E
configure:5615: g++ -E  conftest.cpp
configure:5621: $? = 0
configure:5652: g++ -E  conftest.cpp
conftest.cpp:17:28: ac_nonexistent.h: No such file or directory
configure:5658: $? = 1
configure: failed program was:
| /* confdefs.h.  */
| #define PACKAGE_NAME ""
| #define PACKAGE_TARNAME ""
| #define PACKAGE_VERSION ""
| #define PACKAGE_STRING ""
| #define PACKAGE_BUGREPORT ""
| #define INSTALLPREFIX "/usr/local"
| #define STDC_HEADERS 1
| #define HAVE_SYS_TYPES_H 1
| #define HAVE_SYS_STAT_H 1
| #define HAVE_STDLIB_H 1
| #define HAVE_STRING_H 1
| #define HAVE_INTTYPES_H 1
| #define HAVE_STDINT_H 1
| #define HAVE_UNISTD_H 1
| /* end confdefs.h.  */
| #include <ac_nonexistent.h>
configure:5707: checking for ppc-g77
configure:5737: result: no
configure:5707: checking for ppc-xlf
configure:5737: result: no
configure:5707: checking for ppc-f77
configure:5737: result: no
configure:5707: checking for ppc-frt
configure:5737: result: no
configure:5707: checking for ppc-pgf77
configure:5737: result: no
configure:5707: checking for ppc-cf77
configure:5737: result: no
configure:5707: checking for ppc-fort77
configure:5737: result: no
configure:5707: checking for ppc-fl32
configure:5737: result: no
configure:5707: checking for ppc-af77
configure:5737: result: no
configure:5707: checking for ppc-xlf90
configure:5737: result: no
configure:5707: checking for ppc-f90
configure:5737: result: no
configure:5707: checking for ppc-pgf90
configure:5737: result: no
configure:5707: checking for ppc-pghpf
configure:5737: result: no
configure:5707: checking for ppc-epcf90
configure:5737: result: no
configure:5707: checking for ppc-gfortran
configure:5737: result: no
configure:5707: checking for ppc-g95
configure:5737: result: no
configure:5707: checking for ppc-xlf95
configure:5737: result: no
configure:5707: checking for ppc-f95
configure:5737: result: no
configure:5707: checking for ppc-fort
configure:5737: result: no
configure:5707: checking for ppc-ifort
configure:5737: result: no
configure:5707: checking for ppc-ifc
configure:5737: result: no
configure:5707: checking for ppc-efc
configure:5737: result: no
configure:5707: checking for ppc-pgf95
configure:5737: result: no
configure:5707: checking for ppc-lf95
configure:5737: result: no
configure:5707: checking for ppc-ftn
configure:5737: result: no
configure:5751: checking for g77
configure:5781: result: no
configure:5751: checking for xlf
configure:5781: result: no
configure:5751: checking for f77
configure:5781: result: no
configure:5751: checking for frt
configure:5781: result: no
configure:5751: checking for pgf77
configure:5781: result: no
configure:5751: checking for cf77
configure:5781: result: no
configure:5751: checking for fort77
configure:5781: result: no
configure:5751: checking for fl32
configure:5781: result: no
configure:5751: checking for af77
configure:5781: result: no
configure:5751: checking for xlf90
configure:5781: result: no
configure:5751: checking for f90
configure:5781: result: no
configure:5751: checking for pgf90
configure:5781: result: no
configure:5751: checking for pghpf
configure:5781: result: no
configure:5751: checking for epcf90
configure:5781: result: no
configure:5751: checking for gfortran
configure:5781: result: no
configure:5751: checking for g95
configure:5781: result: no
configure:5751: checking for xlf95
configure:5781: result: no
configure:5751: checking for f95
configure:5781: result: no
configure:5751: checking for fort
configure:5781: result: no
configure:5751: checking for ifort
configure:5781: result: no
configure:5751: checking for ifc
configure:5781: result: no
configure:5751: checking for efc
configure:5781: result: no
configure:5751: checking for pgf95
configure:5781: result: no
configure:5751: checking for lf95
configure:5781: result: no
configure:5751: checking for ftn
configure:5781: result: no
configure:5808: checking for Fortran 77 compiler version
configure:5815:  --version >&5
./configure: line 5816: --version: command not found
configure:5818: $? = 127
configure:5825:  -v >&5
./configure: line 5826: -v: command not found
configure:5828: $? = 127
configure:5835:  -V >&5
./configure: line 5836: -V: command not found
configure:5838: $? = 127
configure:5846: checking whether we are using the GNU Fortran 77 compiler
configure:5865:  -c  conftest.F >&5
./configure: line 5866: -c: command not found
configure:5871: $? = 127
configure: failed program was:
|       program main
| #ifndef __GNUC__
|        choke me
| #endif
| 
|       end
configure:5888: result: no
configure:5894: checking whether  accepts -g
configure:5911:  -c -g conftest.f >&5
./configure: line 5912: -c: command not found
configure:5917: $? = 127
configure: failed program was:
|       program main
| 
|       end
configure:5933: result: no
configure:5963: checking the maximum length of command line arguments
configure:6075: result: 8192
configure:6087: checking command to parse nm output from /c/devkitPro/devkitPPC/bin/powerpc-gekko-gcc object
configure:6192: /c/devkitPro/devkitPPC/bin/powerpc-gekko-gcc -c -mcpu=750  conftest.c >&5
configure:6195: $? = 0
configure:6199: nm conftest.o \| sed -n -e 's/^.*[ 	]\([ABCDGIRSTW][ABCDGIRSTW]*\)[ 	][ 	]*\([_A-Za-z][_A-Za-z0-9]*\)\{0,1\}$/\1 \2 \2/p' \> conftest.nm
configure:6202: $? = 0
configure:6254: /c/devkitPro/devkitPPC/bin/powerpc-gekko-gcc -o conftest -mcpu=750   conftest.c conftstm.o >&5
c:/devkitpro/devkitppc/bin/../lib/gcc/powerpc-gekko/4.2.4/../../../../powerpc-gekko/bin/ld.exe: warning: cannot find entry symbol _start; defaulting to 01800074
configure:6257: $? = 0
configure:6295: result: ok
configure:6299: checking for objdir
configure:6314: result: .libs
configure:6366: checking for ppc-ar
configure:6393: result: /c/devkitPro/devkitPPC/bin/powerpc-gekko-ar
configure:6462: checking for ppc-ranlib
configure:6489: result: /c/devkitPro/devkitPPC/bin/powerpc-gekko-ranlib.exe
configure:6558: checking for ppc-strip
configure:6588: result: no
configure:6598: checking for strip
configure:6614: found /mingw/bin/strip
configure:6625: result: strip
configure:6915: checking if /c/devkitPro/devkitPPC/bin/powerpc-gekko-gcc supports -fno-rtti -fno-exceptions
configure:6933: /c/devkitPro/devkitPPC/bin/powerpc-gekko-gcc -c -mcpu=750  -fno-rtti -fno-exceptions conftest.c >&5
cc1.exe: warning: command line option "-fno-rtti" is valid for C++/ObjC++ but not for C
configure:6937: $? = 0
configure:6950: result: no
configure:6965: checking for /c/devkitPro/devkitPPC/bin/powerpc-gekko-gcc option to produce PIC
configure:7200: result: -fPIC
configure:7208: checking if /c/devkitPro/devkitPPC/bin/powerpc-gekko-gcc PIC flag -fPIC works
configure:7226: /c/devkitPro/devkitPPC/bin/powerpc-gekko-gcc -c -mcpu=750  -fPIC -DPIC conftest.c >&5
configure:7230: $? = 0
configure:7243: result: yes
configure:7271: checking if /c/devkitPro/devkitPPC/bin/powerpc-gekko-gcc static flag -static works
c:/devkitpro/devkitppc/bin/../lib/gcc/powerpc-gekko/4.2.4/../../../../powerpc-gekko/bin/ld.exe: warning: cannot find entry symbol _start; defaulting to 01800054
configure:7299: result: yes
configure:7309: checking if /c/devkitPro/devkitPPC/bin/powerpc-gekko-gcc supports -c -o file.o
configure:7330: /c/devkitPro/devkitPPC/bin/powerpc-gekko-gcc -c -mcpu=750  -o out/conftest2.o conftest.c >&5
configure:7334: $? = 0
configure:7356: result: yes
configure:7382: checking whether the /c/devkitPro/devkitPPC/bin/powerpc-gekko-gcc linker (c:/devkitpro/devkitppc/powerpc-gekko/bin/ld.exe) supports shared libraries
configure:8362: result: yes
configure:8383: checking whether -lc should be explicitly linked in
configure:8388: /c/devkitPro/devkitPPC/bin/powerpc-gekko-gcc -c -mcpu=750  conftest.c >&5
configure:8391: $? = 0
configure:8406: /c/devkitPro/devkitPPC/bin/powerpc-gekko-gcc -shared conftest.o  -v -Wl,-soname -Wl,conftest -o conftest 2\>\&1 \| grep  -lc  \>/dev/null 2\>\&1
configure:8409: $? = 0
configure:8421: result: no
configure:8429: checking dynamic linker characteristics
configure:9031: result: no
configure:9040: checking how to hardcode library paths into programs
configure:9065: result: immediate
configure:9079: checking whether stripping libraries is possible
configure:9084: result: yes
configure:9886: checking if libtool supports shared libraries
configure:9888: result: no
configure:9891: checking whether to build shared libraries
configure:9912: result: no
configure:9915: checking whether to build static libraries
configure:9919: result: yes
configure:10012: creating libtool
configure:10600: checking for ld used by g++
configure:10667: result: c:/devkitpro/devkitppc/powerpc-gekko/bin/ld.exe
configure:10676: checking if the linker (c:/devkitpro/devkitppc/powerpc-gekko/bin/ld.exe) is GNU ld
configure:10691: result: yes
configure:10742: checking whether the g++ linker (c:/devkitpro/devkitppc/powerpc-gekko/bin/ld.exe) supports shared libraries
configure:11716: result: no
configure:11738: g++ -c -g -O2  conftest.cpp >&5
configure:11741: $? = 0
configure:11893: checking for g++ option to produce PIC
configure:12177: result: -fPIC
configure:12185: checking if g++ PIC flag -fPIC works
configure:12203: g++ -c -g -O2  -fPIC -DPIC conftest.cpp >&5
conftest.cpp:1: warning: -fPIC ignored for target (all code is position independent)
configure:12207: $? = 0
configure:12220: result: no
configure:12248: checking if g++ static flag -static works
configure:12276: result: yes
configure:12286: checking if g++ supports -c -o file.o
configure:12307: g++ -c -g -O2  -o out/conftest2.o conftest.cpp >&5
configure:12311: $? = 0
configure:12333: result: yes
configure:12359: checking whether the g++ linker (c:/devkitpro/devkitppc/powerpc-gekko/bin/ld.exe) supports shared libraries
configure:12384: result: no
configure:12451: checking dynamic linker characteristics
configure:13001: result: no
configure:13010: checking how to hardcode library paths into programs
configure:13035: result: immediate
configure:19221: checking for simple visibility declarations
configure:19253: /c/devkitPro/devkitPPC/bin/powerpc-gekko-gcc -c -mcpu=750 -fvisibility=hidden  conftest.c >&5
configure:19259: $? = 0
configure:19276: result: yes
configure:19294: checking for nl_langinfo and CODESET
configure:19320: /c/devkitPro/devkitPPC/bin/powerpc-gekko-gcc -o conftest -mcpu=750   conftest.c  >&5
c:/devkitpro/devkitppc/bin/../lib/gcc/powerpc-gekko/4.2.4/../../../../powerpc-gekko/bin/ld.exe: warning: cannot find entry symbol _start; defaulting to 01800074
configure:19326: $? = 0
configure: failed program was:
| /* confdefs.h.  */
| #define PACKAGE_NAME ""
| #define PACKAGE_TARNAME ""
| #define PACKAGE_VERSION ""
| #define PACKAGE_STRING ""
| #define PACKAGE_BUGREPORT ""
| #define INSTALLPREFIX "/usr/local"
| #define STDC_HEADERS 1
| #define HAVE_SYS_TYPES_H 1
| #define HAVE_SYS_STAT_H 1
| #define HAVE_STDLIB_H 1
| #define HAVE_STRING_H 1
| #define HAVE_INTTYPES_H 1
| #define HAVE_STDINT_H 1
| #define HAVE_UNISTD_H 1
| #define HAVE_VISIBILITY 1
| /* end confdefs.h.  */
| #include <langinfo.h>
| int
| main ()
| {
| char* cs = nl_langinfo(CODESET);
|   ;
|   return 0;
| }
configure:19344: result: no
configure:19355: checking whether we are using the GNU C Library 2.1 or newer
conftest.c:19:22: error: features.h: No such file or directory
configure:19386: result: no
configure:19396: checking for setlocale
configure:19452: /c/devkitPro/devkitPPC/bin/powerpc-gekko-gcc -o conftest -mcpu=750   conftest.c  >&5
c:/devkitpro/devkitppc/bin/../lib/gcc/powerpc-gekko/4.2.4/../../../../powerpc-gekko/bin/ld.exe: warning: cannot find entry symbol _start; defaulting to 01800074
configure:19458: $? = 0
configure: failed program was:
| /* confdefs.h.  */
| #define PACKAGE_NAME ""
| #define PACKAGE_TARNAME ""
| #define PACKAGE_VERSION ""
| #define PACKAGE_STRING ""
| #define PACKAGE_BUGREPORT ""
| #define INSTALLPREFIX "/usr/local"
| #define STDC_HEADERS 1
| #define HAVE_SYS_TYPES_H 1
| #define HAVE_SYS_STAT_H 1
| #define HAVE_STDLIB_H 1
| #define HAVE_STRING_H 1
| #define HAVE_INTTYPES_H 1
| #define HAVE_STDINT_H 1
| #define HAVE_UNISTD_H 1
| #define HAVE_VISIBILITY 1
| /* end confdefs.h.  */
| /* Define setlocale to an innocuous variant, in case <limits.h> declares setlocale.
|    For example, HP-UX 11i <limits.h> declares gettimeofday.  */
| #define setlocale innocuous_setlocale
| 
| /* System header to define __stub macros and hopefully few prototypes,
|     which can conflict with char setlocale (); below.
|     Prefer <limits.h> to <assert.h> if __STDC__ is defined, since
|     <limits.h> exists even on freestanding compilers.  */
| 
| #ifdef __STDC__
| # include <limits.h>
| #else
| # include <assert.h>
| #endif
| 
| #undef setlocale
| 
| /* Override any GCC internal prototype to avoid an error.
|    Use char because int might match the return type of a GCC
|    builtin and then its argument prototype would still apply.  */
| #ifdef __cplusplus
| extern "C"
| #endif
| char setlocale ();
| /* The GNU C library defines this for functions which it implements
|     to always fail with ENOSYS.  Some functions are actually named
|     something starting with __ and the normal name is an alias.  */
| #if defined __stub_setlocale || defined __stub___setlocale
| choke me
| #endif
| 
| int
| main ()
| {
| return setlocale ();
|   ;
|   return 0;
| }
configure:19476: result: no
configure:19595: creating ./config.status

## ---------------------- ##
## Running config.status. ##
## ---------------------- ##

This file was extended by config.status, which was
generated by GNU Autoconf 2.61.  Invocation command line was

  CONFIG_FILES    = 
  CONFIG_HEADERS  = 
  CONFIG_LINKS    = 
  CONFIG_COMMANDS = 
  $ ./config.status 

on DESARROLLO

config.status:630: creating Makefile
config.status:630: creating lib/Makefile
config.status:630: creating include/localcharset.h
config.status:630: creating include/localcharset.h.inst
config.status:630: creating config.h
config.status:848: config.h is unchanged

## ---------------- ##
## Cache variables. ##
## ---------------- ##

ac_cv_build=i686-pc-mingw32
ac_cv_c_compiler_gnu=yes
ac_cv_cxx_compiler_gnu=yes
ac_cv_env_CCC_set=
ac_cv_env_CCC_value=
ac_cv_env_CC_set=set
ac_cv_env_CC_value=/c/devkitPro/devkitPPC/bin/powerpc-gekko-gcc
ac_cv_env_CFLAGS_set=set
ac_cv_env_CFLAGS_value=-mcpu=750
ac_cv_env_CPPFLAGS_set=
ac_cv_env_CPPFLAGS_value=
ac_cv_env_CPP_set=
ac_cv_env_CPP_value=
ac_cv_env_CXXCPP_set=
ac_cv_env_CXXCPP_value=
ac_cv_env_CXXFLAGS_set=
ac_cv_env_CXXFLAGS_value=
ac_cv_env_CXX_set=
ac_cv_env_CXX_value=
ac_cv_env_F77_set=
ac_cv_env_F77_value=
ac_cv_env_FFLAGS_set=
ac_cv_env_FFLAGS_value=
ac_cv_env_LDFLAGS_set=
ac_cv_env_LDFLAGS_value=
ac_cv_env_LIBS_set=
ac_cv_env_LIBS_value=
ac_cv_env_build_alias_set=
ac_cv_env_build_alias_value=
ac_cv_env_host_alias_set=set
ac_cv_env_host_alias_value=ppc
ac_cv_env_target_alias_set=
ac_cv_env_target_alias_value=
ac_cv_f77_compiler_gnu=no
ac_cv_func_setlocale=no
ac_cv_gnu_library_2_1=no
ac_cv_header_dlfcn_h=no
ac_cv_header_inttypes_h=yes
ac_cv_header_memory_h=no
ac_cv_header_minix_config_h=no
ac_cv_header_stdc=yes
ac_cv_header_stdint_h=yes
ac_cv_header_stdlib_h=yes
ac_cv_header_string_h=yes
ac_cv_header_strings_h=no
ac_cv_header_sys_stat_h=yes
ac_cv_header_sys_types_h=yes
ac_cv_header_unistd_h=yes
ac_cv_host=powerpc-unknown-none
ac_cv_objext=o
ac_cv_path_EGREP='/bin/grep -E'
ac_cv_path_GREP=/bin/grep
ac_cv_path_install='/bin/install -c'
ac_cv_prog_AR=/c/devkitPro/devkitPPC/bin/powerpc-gekko-ar
ac_cv_prog_CC=/c/devkitPro/devkitPPC/bin/powerpc-gekko-gcc
ac_cv_prog_CPP='/c/devkitPro/devkitPPC/bin/powerpc-gekko-gcc -E'
ac_cv_prog_CXXCPP='g++ -E'
ac_cv_prog_RANLIB=/c/devkitPro/devkitPPC/bin/powerpc-gekko-ranlib.exe
ac_cv_prog_ac_ct_CXX=g++
ac_cv_prog_ac_ct_STRIP=strip
ac_cv_prog_cc_c89=
ac_cv_prog_cc_g=yes
ac_cv_prog_cxx_g=yes
ac_cv_prog_f77_g=no
ac_cv_prog_make_make_set=yes
am_cv_langinfo_codeset=no
gl_cv_cc_visibility=yes
lt_cv_deplibs_check_method=unknown
lt_cv_file_magic_cmd='$MAGIC_CMD'
lt_cv_file_magic_test_file=
lt_cv_ld_reload_flag=-r
lt_cv_objdir=.libs
lt_cv_path_LD=c:/devkitpro/devkitppc/powerpc-gekko/bin/ld.exe
lt_cv_path_LDCXX=c:/devkitpro/devkitppc/powerpc-gekko/bin/ld.exe
lt_cv_path_NM=nm
lt_cv_path_SED=/bin/sed
lt_cv_prog_compiler_c_o=yes
lt_cv_prog_compiler_c_o_CXX=yes
lt_cv_prog_compiler_rtti_exceptions=no
lt_cv_prog_gnu_ld=yes
lt_cv_prog_gnu_ldcxx=yes
lt_cv_sys_global_symbol_pipe='sed -n -e '\''s/^.*[ 	]\([ABCDGIRSTW][ABCDGIRSTW]*\)[ 	][ 	]*\([_A-Za-z][_A-Za-z0-9]*\)\{0,1\}$/\1 \2 \2/p'\'''
lt_cv_sys_global_symbol_to_c_name_address='sed -n -e '\''s/^: \([^ ]*\) $/  {\"\1\", (lt_ptr) 0},/p'\'' -e '\''s/^[BCDEGRST] \([^ ]*\) \([^ ]*\)$/  {"\2", (lt_ptr) \&\2},/p'\'''
lt_cv_sys_global_symbol_to_cdecl='sed -n -e '\''s/^. .* \(.*\)$/extern int \1;/p'\'''
lt_cv_sys_max_cmd_len=8192
lt_lt_cv_prog_compiler_c_o='"yes"'
lt_lt_cv_prog_compiler_c_o_CXX='"yes"'
lt_lt_cv_sys_global_symbol_pipe='"sed -n -e '\''s/^.*[ 	]\\([ABCDGIRSTW][ABCDGIRSTW]*\\)[ 	][ 	]*\\([_A-Za-z][_A-Za-z0-9]*\\)\\{0,1\\}\$/\\1 \\2 \\2/p'\''"'
lt_lt_cv_sys_global_symbol_to_c_name_address='"sed -n -e '\''s/^: \\([^ ]*\\) \$/  {\\\"\\1\\\", (lt_ptr) 0},/p'\'' -e '\''s/^[BCDEGRST] \\([^ ]*\\) \\([^ ]*\\)\$/  {\"\\2\", (lt_ptr) \\&\\2},/p'\''"'
lt_lt_cv_sys_global_symbol_to_cdecl='"sed -n -e '\''s/^. .* \\(.*\\)\$/extern int \\1;/p'\''"'

## ----------------- ##
## Output variables. ##
## ----------------- ##

AR='/c/devkitPro/devkitPPC/bin/powerpc-gekko-ar'
AS='as'
CC='/c/devkitPro/devkitPPC/bin/powerpc-gekko-gcc'
CFLAGS='-mcpu=750'
CFLAG_VISIBILITY='-fvisibility=hidden'
CPP='/c/devkitPro/devkitPPC/bin/powerpc-gekko-gcc -E'
CPPFLAGS=''
CXX='g++'
CXXCPP='g++ -E'
CXXFLAGS='-g -O2'
DEFS='-DHAVE_CONFIG_H'
DLLTOOL='dlltool'
ECHO='echo'
ECHO_C=''
ECHO_N='-n'
ECHO_T=''
EGREP='/bin/grep -E'
EXEEXT=''
F77=''
FFLAGS=''
GLIBC21='no'
GREP='/bin/grep'
HAVE_VISIBILITY='1'
INSTALL_DATA='${INSTALL} -m 644'
INSTALL_PROGRAM='${INSTALL}'
INSTALL_SCRIPT='${INSTALL}'
LDFLAGS=''
LIBOBJS=''
LIBS=''
LIBTOOL='$(SHELL) $(top_builddir)/libtool'
LN_S='ln -s'
LTLIBOBJS=''
OBJDUMP='objdump'
OBJEXT='o'
PACKAGE=''
PACKAGE_BUGREPORT=''
PACKAGE_NAME=''
PACKAGE_STRING=''
PACKAGE_TARNAME=''
PACKAGE_VERSION=''
PATH_SEPARATOR=':'
RANLIB='/c/devkitPro/devkitPPC/bin/powerpc-gekko-ranlib.exe'
RELOCATABLE='no'
SED='/bin/sed'
SET_MAKE=''
SHELL='/bin/sh'
STRIP='strip'
VERSION=''
ac_ct_CC=''
ac_ct_CXX='g++'
ac_ct_F77=''
bindir='${exec_prefix}/bin'
build='i686-pc-mingw32'
build_alias=''
build_cpu='i686'
build_os='mingw32'
build_vendor='pc'
datadir='${datarootdir}'
datarootdir='${prefix}/share'
docdir='${datarootdir}/doc/${PACKAGE}'
dvidir='${docdir}'
exec_prefix='${prefix}'
host='powerpc-unknown-none'
host_alias='ppc'
host_cpu='powerpc'
host_os='none'
host_vendor='unknown'
htmldir='${docdir}'
includedir='${prefix}/include'
infodir='${datarootdir}/info'
libdir='${exec_prefix}/lib'
libexecdir='${exec_prefix}/libexec'
localedir='${datarootdir}/locale'
localstatedir='${prefix}/var'
mandir='${datarootdir}/man'
oldincludedir='/usr/include'
pdfdir='${docdir}'
prefix='/usr/local'
program_transform_name='s,x,x,'
psdir='${docdir}'
sbindir='${exec_prefix}/sbin'
sharedstatedir='${prefix}/com'
sysconfdir='${prefix}/etc'
target_alias=''

## ----------- ##
## confdefs.h. ##
## ----------- ##

#define PACKAGE_NAME ""
#define PACKAGE_TARNAME ""
#define PACKAGE_VERSION ""
#define PACKAGE_STRING ""
#define PACKAGE_BUGREPORT ""
#define INSTALLPREFIX "/usr/local"
#define STDC_HEADERS 1
#define HAVE_SYS_TYPES_H 1
#define HAVE_SYS_STAT_H 1
#define HAVE_STDLIB_H 1
#define HAVE_STRING_H 1
#define HAVE_INTTYPES_H 1
#define HAVE_STDINT_H 1
#define HAVE_UNISTD_H 1
#define HAVE_VISIBILITY 1

configure: exit 0
