This file contains any messages produced by compilers while
running configure, to aid debugging if configure makes a mistake.

It was created by libpng configure 1.2.37, which was
generated by GNU Autoconf 2.62.  Invocation command line was

  $ ./configure --host=ppc --prefix=/c/devkitPro/libogc --libdir=/c/devkitPro/libogc/lib/wii

## --------- ##
## Platform. ##
## --------- ##

hostname = DESARROLLO
uname -m = i686
uname -r = 1.0.11(0.46/3/2)
uname -s = MINGW32_NT-5.1
uname -v = 2007-07-29 17:16

/usr/bin/uname -p = unknown
/bin/uname -X     = unknown

/bin/arch              = unknown
/usr/bin/arch -k       = unknown
/usr/convex/getsysinfo = unknown
/usr/bin/hostinfo      = unknown
/bin/machine           = unknown
/usr/bin/oslevel       = unknown
/bin/universe          = unknown

PATH: .
PATH: /usr/local/bin
PATH: /mingw/bin
PATH: /bin
PATH: /bin
PATH: /c/devkitPro/devkitPPC/bin
PATH: /c/WINDOWS/system32
PATH: /c/WINDOWS
PATH: /c/WINDOWS/System32/Wbem
PATH: /c/Archivos de programa/CodeGear/RAD Studio/5.0/bin
PATH: /c/archivos de programa/codegear/rad studio/5.0/Projects/Bpl
PATH: /c/Documents and Settings/All Users/Documentos/RAD Studio/5.0/Bpl
PATH: /c/Archivos de programa/CollabNet Subversion Client
PATH: /c/Archivos de programa/Subversion/bin
PATH: /c/Archivos de programa/Microsoft SQL Server/80/Tools/Binn/
PATH: /c/Archivos de programa/Borland/CBuilder6/Bin
PATH: /c/Archivos de programa/Borland/CBuilder6/Bpl
PATH: /c/Archivos de programa/Borland/CBuilder6/Projects/Bpl
PATH: /c/Archivos de programa/CVSNT/
PATH: /c/Archivos de programa/Java/jdk1.6.0_04/bin
PATH: /c/Archivos de programa/Git/cmd
PATH: /c/Archivos de programa/Microsoft SQL Server/90/Tools/binn/d
PATH: /jet6.0-eval/bin
PATH: /c/Archivos de programa/Microsoft SQL Server/90/Tools/binn/
PATH: /c/ARCHIV~1/DISKEE~1/
PATH: /c/Archivos de programa/Castalia2008
PATH: /c/Archivos de programa/Archivos comunes/Ahead/Lib/
PATH: /c/Archivos de programa/Archivos comunes/Ahead/Lib/
PATH: /c/Archivos de programa/Archivos comunes/Ahead/Lib/
PATH: /c/Archivos de programa/Archivos comunes/Ahead/Lib/


## ----------- ##
## Core tests. ##
## ----------- ##

configure:2091: checking for a BSD-compatible install
configure:2159: result: /bin/install -c
configure:2170: checking whether build environment is sane
configure:2213: result: yes
configure:2238: checking for a thread-safe mkdir -p
configure:2277: result: /bin/mkdir -p
configure:2290: checking for gawk
configure:2306: found /bin/gawk
configure:2317: result: gawk
configure:2328: checking whether make sets $(MAKE)
configure:2350: result: yes
configure:2430: checking for ppc-strip
configure:2457: result: /c/devkitPro/devkitPPC/bin/powerpc-eabi-strip
configure:2538: checking whether to enable maintainer-specific portions of Makefiles
configure:2547: result: no
configure:2580: checking for ppc-gcc
configure:2607: result: /c/devkitPro/devkitPPC/bin/powerpc-eabi-gcc
configure:2885: checking for C compiler version
configure:2893: /c/devkitPro/devkitPPC/bin/powerpc-eabi-gcc --version >&5
powerpc-eabi-gcc.exe (devkitPPC release 18 alpha5) 4.4.1
Copyright (C) 2009 Free Software Foundation, Inc.
This is free software; see the source for copying conditions.  There is NO
warranty; not even for MERCHANTABILITY or FITNESS FOR A PARTICULAR PURPOSE.

configure:2897: $? = 0
configure:2904: /c/devkitPro/devkitPPC/bin/powerpc-eabi-gcc -v >&5
Using built-in specs.
Target: powerpc-eabi
Configured with: ../../gcc-4.4.1/configure --enable-languages=c,c++,objc --with-cpu=750 --disable-nls --disable-shared --enable-threads --disable-multilib --disable-win32-registry --disable-libstdcxx-pch --target=powerpc-eabi --with-newlib --prefix=c:/devkitPro/devkitPPC --disable-dependency-tracking --with-bugurl=http://wiki.devkitpro.org/index.php/Bug_Reports --with-pkgversion='devkitPPC release 18 alpha5'
Thread model: single
gcc version 4.4.1 (devkitPPC release 18 alpha5) 
configure:2908: $? = 0
configure:2915: /c/devkitPro/devkitPPC/bin/powerpc-eabi-gcc -V >&5
powerpc-eabi-gcc.exe: '-V' option must have argument
configure:2919: $? = 1
configure:2942: checking for C compiler default output file name
configure:2964: /c/devkitPro/devkitPPC/bin/powerpc-eabi-gcc -mcpu=750 -O2 -I/c/devkitPro/libogc/include/freetype2 -I/c/devkitPro/libogc/include -L/c/devkitPro/libogc/lib/wii   conftest.c  >&5
c:/devkitpro/devkitppc/bin/../lib/gcc/powerpc-eabi/4.4.1/../../../../powerpc-eabi/bin/ld.exe: warning: cannot find entry symbol _start; defaulting to 01800098
configure:2968: $? = 0
configure:3006: result: a.out
configure:3023: checking whether the C compiler works
configure:3033: ./a.out
./a.out: ./a.out: cannot execute binary file
configure:3037: $? = 126
configure:3054: result: yes
configure:3061: checking whether we are cross compiling
configure:3063: result: yes
configure:3066: checking for suffix of executables
configure:3073: /c/devkitPro/devkitPPC/bin/powerpc-eabi-gcc -o conftest -mcpu=750 -O2 -I/c/devkitPro/libogc/include/freetype2 -I/c/devkitPro/libogc/include -L/c/devkitPro/libogc/lib/wii   conftest.c  >&5
c:/devkitpro/devkitppc/bin/../lib/gcc/powerpc-eabi/4.4.1/../../../../powerpc-eabi/bin/ld.exe: warning: cannot find entry symbol _start; defaulting to 01800098
configure:3077: $? = 0
configure:3101: result: 
configure:3107: checking for suffix of object files
configure:3133: /c/devkitPro/devkitPPC/bin/powerpc-eabi-gcc -c -mcpu=750 -O2 -I/c/devkitPro/libogc/include/freetype2 -I/c/devkitPro/libogc/include -L/c/devkitPro/libogc/lib/wii  conftest.c >&5
configure:3137: $? = 0
configure:3160: result: o
configure:3164: checking whether we are using the GNU C compiler
configure:3193: /c/devkitPro/devkitPPC/bin/powerpc-eabi-gcc -c -mcpu=750 -O2 -I/c/devkitPro/libogc/include/freetype2 -I/c/devkitPro/libogc/include -L/c/devkitPro/libogc/lib/wii  conftest.c >&5
configure:3200: $? = 0
configure:3217: result: yes
configure:3226: checking whether /c/devkitPro/devkitPPC/bin/powerpc-eabi-gcc accepts -g
configure:3256: /c/devkitPro/devkitPPC/bin/powerpc-eabi-gcc -c -g  conftest.c >&5
configure:3263: $? = 0
configure:3364: result: yes
configure:3381: checking for /c/devkitPro/devkitPPC/bin/powerpc-eabi-gcc option to accept ISO C89
configure:3455: /c/devkitPro/devkitPPC/bin/powerpc-eabi-gcc  -c -mcpu=750 -O2 -I/c/devkitPro/libogc/include/freetype2 -I/c/devkitPro/libogc/include -L/c/devkitPro/libogc/lib/wii  conftest.c >&5
configure:3462: $? = 0
configure:3485: result: none needed
configure:3514: checking for style of include used by make
configure:3542: result: GNU
configure:3567: checking dependency style of /c/devkitPro/devkitPPC/bin/powerpc-eabi-gcc
configure:3658: result: gcc3
configure:3679: checking build system type
configure:3697: result: i686-pc-mingw32
configure:3719: checking host system type
configure:3734: result: powerpc-unknown-none
configure:3756: checking for a sed that does not truncate output
configure:3822: result: /bin/sed
configure:3840: checking for grep that handles long lines and -e
configure:3900: result: /bin/grep
configure:3905: checking for egrep
configure:3969: result: /bin/grep -E
configure:3974: checking for fgrep
configure:4038: result: /bin/grep -F
configure:4073: checking for ld used by /c/devkitPro/devkitPPC/bin/powerpc-eabi-gcc
configure:4140: result: /c/devkitPro/devkitPPC/bin/powerpc-eabi-ld
configure:4149: checking if the linker (/c/devkitPro/devkitPPC/bin/powerpc-eabi-ld) is GNU ld
configure:4164: result: yes
configure:4181: checking how to run the C preprocessor
configure:4299: result: /c/devkitPro/devkitPPC/bin/powerpc-eabi-cpp
configure:4328: /c/devkitPro/devkitPPC/bin/powerpc-eabi-cpp  conftest.c
configure:4335: $? = 0
configure:4366: /c/devkitPro/devkitPPC/bin/powerpc-eabi-cpp  conftest.c
conftest.c:10:28: error: ac_nonexistent.h: No such file or directory
configure:4373: $? = 1
configure: failed program was:
| /* confdefs.h.  */
| #define PACKAGE_NAME "libpng"
| #define PACKAGE_TARNAME "libpng"
| #define PACKAGE_VERSION "1.2.37"
| #define PACKAGE_STRING "libpng 1.2.37"
| #define PACKAGE_BUGREPORT "png-mng-implement@lists.sourceforge.net"
| #define PACKAGE "libpng"
| #define VERSION "1.2.37"
| /* end confdefs.h.  */
| #include <ac_nonexistent.h>
configure:4413: checking for ppc-sed
configure:4440: result: /bin/sed
configure:4835: checking for a BSD-compatible install
configure:4903: result: /bin/install -c
configure:4914: checking whether ln -s works
configure:4918: result: yes
configure:4925: checking whether make sets $(MAKE)
configure:4947: result: yes
configure:4981: checking for BSD- or MS-compatible name lister (nm)
configure:5030: result: no
configure:5041: checking for ppc-dumpbin
configure:5071: result: no
configure:5041: checking for ppc-link
configure:5071: result: no
configure:5085: checking for dumpbin
configure:5115: result: no
configure:5085: checking for link
configure:5101: found /bin/link
configure:5112: result: link -dump -symbols
configure:5130: WARNING: In the future, Autoconf will not detect cross-tools
whose name does not start with the host triplet.  If you think this
configuration is useful to you, please write to autoconf@gnu.org.
configure:5152: checking the name lister (link -dump -symbols) interface
configure:5159: /c/devkitPro/devkitPPC/bin/powerpc-eabi-gcc -c -mcpu=750 -O2 -I/c/devkitPro/libogc/include/freetype2 -I/c/devkitPro/libogc/include -L/c/devkitPro/libogc/lib/wii  conftest.c >&5
configure:5162: link -dump -symbols "conftest.o"
link: invalid option -- d
Try `link --help' for more information.
configure:5165: output
configure:5172: result: BSD nm
configure:5176: checking the maximum length of command line arguments
configure:5296: result: 8192
configure:5313: checking whether the shell understands some XSI constructs
configure:5323: result: yes
configure:5327: checking whether the shell understands "+="
configure:5333: result: yes
configure:5368: checking for /c/devkitPro/devkitPPC/bin/powerpc-eabi-ld option to reload object files
configure:5375: result: -r
configure:5402: checking how to recognize dependent libraries
configure:5592: result: unknown
configure:5612: checking for ppc-ar
configure:5639: result: /c/devkitPro/devkitPPC/bin/powerpc-eabi-ar
configure:5721: checking for ppc-strip
configure:5748: result: /c/devkitPro/devkitPPC/bin/powerpc-eabi-strip
configure:5824: checking for ppc-ranlib
configure:5851: result: /c/devkitPro/devkitPPC/bin/powerpc-eabi-ranlib
configure:5985: checking command to parse link -dump -symbols output from /c/devkitPro/devkitPPC/bin/powerpc-eabi-gcc object
configure:6103: /c/devkitPro/devkitPPC/bin/powerpc-eabi-gcc -c -mcpu=750 -O2 -I/c/devkitPro/libogc/include/freetype2 -I/c/devkitPro/libogc/include -L/c/devkitPro/libogc/lib/wii  conftest.c >&5
configure:6106: $? = 0
configure:6110: link -dump -symbols conftest.o \| sed -n -e 's/^.*[	 ]\([BCDEGRST][BCDEGRST]*\)[	 ][	 ]*\([_A-Za-z][_A-Za-z0-9]*\)\{0,1\}$/\1 \2 \2/p' \> conftest.nm
link: invalid option -- d
Try `link --help' for more information.
configure:6113: $? = 0
cannot run sed -n -e 's/^.*[	 ]\([BCDEGRST][BCDEGRST]*\)[	 ][	 ]*\([_A-Za-z][_A-Za-z0-9]*\)\{0,1\}$/\1 \2 \2/p'
configure:6103: /c/devkitPro/devkitPPC/bin/powerpc-eabi-gcc -c -mcpu=750 -O2 -I/c/devkitPro/libogc/include/freetype2 -I/c/devkitPro/libogc/include -L/c/devkitPro/libogc/lib/wii  conftest.c >&5
configure:6106: $? = 0
configure:6110: link -dump -symbols conftest.o \| sed -n -e 's/^.*[	 ]\([BCDEGRST][BCDEGRST]*\)[	 ][	 ]*_\([_A-Za-z][_A-Za-z0-9]*\)\{0,1\}$/\1 _\2 \2/p' \> conftest.nm
link: invalid option -- d
Try `link --help' for more information.
configure:6113: $? = 0
cannot run sed -n -e 's/^.*[	 ]\([BCDEGRST][BCDEGRST]*\)[	 ][	 ]*_\([_A-Za-z][_A-Za-z0-9]*\)\{0,1\}$/\1 _\2 \2/p'
configure:6205: result: failed
configure:6889: checking for ANSI C header files
configure:6919: /c/devkitPro/devkitPPC/bin/powerpc-eabi-gcc -c -mcpu=750 -O2 -I/c/devkitPro/libogc/include/freetype2 -I/c/devkitPro/libogc/include -L/c/devkitPro/libogc/lib/wii  conftest.c >&5
configure:6926: $? = 0
configure:7057: result: yes
configure:7081: checking for sys/types.h
configure:7102: /c/devkitPro/devkitPPC/bin/powerpc-eabi-gcc -c -mcpu=750 -O2 -I/c/devkitPro/libogc/include/freetype2 -I/c/devkitPro/libogc/include -L/c/devkitPro/libogc/lib/wii  conftest.c >&5
configure:7109: $? = 0
configure:7126: result: yes
configure:7081: checking for sys/stat.h
configure:7102: /c/devkitPro/devkitPPC/bin/powerpc-eabi-gcc -c -mcpu=750 -O2 -I/c/devkitPro/libogc/include/freetype2 -I/c/devkitPro/libogc/include -L/c/devkitPro/libogc/lib/wii  conftest.c >&5
configure:7109: $? = 0
configure:7126: result: yes
configure:7081: checking for stdlib.h
configure:7102: /c/devkitPro/devkitPPC/bin/powerpc-eabi-gcc -c -mcpu=750 -O2 -I/c/devkitPro/libogc/include/freetype2 -I/c/devkitPro/libogc/include -L/c/devkitPro/libogc/lib/wii  conftest.c >&5
configure:7109: $? = 0
configure:7126: result: yes
configure:7081: checking for string.h
configure:7102: /c/devkitPro/devkitPPC/bin/powerpc-eabi-gcc -c -mcpu=750 -O2 -I/c/devkitPro/libogc/include/freetype2 -I/c/devkitPro/libogc/include -L/c/devkitPro/libogc/lib/wii  conftest.c >&5
configure:7109: $? = 0
configure:7126: result: yes
configure:7081: checking for memory.h
configure:7102: /c/devkitPro/devkitPPC/bin/powerpc-eabi-gcc -c -mcpu=750 -O2 -I/c/devkitPro/libogc/include/freetype2 -I/c/devkitPro/libogc/include -L/c/devkitPro/libogc/lib/wii  conftest.c >&5
conftest.c:49:20: error: memory.h: No such file or directory
configure:7109: $? = 1
configure: failed program was:
| /* confdefs.h.  */
| #define PACKAGE_NAME "libpng"
| #define PACKAGE_TARNAME "libpng"
| #define PACKAGE_VERSION "1.2.37"
| #define PACKAGE_STRING "libpng 1.2.37"
| #define PACKAGE_BUGREPORT "png-mng-implement@lists.sourceforge.net"
| #define PACKAGE "libpng"
| #define VERSION "1.2.37"
| #define STDC_HEADERS 1
| #define HAVE_SYS_TYPES_H 1
| #define HAVE_SYS_STAT_H 1
| #define HAVE_STDLIB_H 1
| #define HAVE_STRING_H 1
| /* end confdefs.h.  */
| #include <stdio.h>
| #ifdef HAVE_SYS_TYPES_H
| # include <sys/types.h>
| #endif
| #ifdef HAVE_SYS_STAT_H
| # include <sys/stat.h>
| #endif
| #ifdef STDC_HEADERS
| # include <stdlib.h>
| # include <stddef.h>
| #else
| # ifdef HAVE_STDLIB_H
| #  include <stdlib.h>
| # endif
| #endif
| #ifdef HAVE_STRING_H
| # if !defined STDC_HEADERS && defined HAVE_MEMORY_H
| #  include <memory.h>
| # endif
| # include <string.h>
| #endif
| #ifdef HAVE_STRINGS_H
| # include <strings.h>
| #endif
| #ifdef HAVE_INTTYPES_H
| # include <inttypes.h>
| #endif
| #ifdef HAVE_STDINT_H
| # include <stdint.h>
| #endif
| #ifdef HAVE_UNISTD_H
| # include <unistd.h>
| #endif
| 
| #include <memory.h>
configure:7126: result: no
configure:7081: checking for strings.h
configure:7102: /c/devkitPro/devkitPPC/bin/powerpc-eabi-gcc -c -mcpu=750 -O2 -I/c/devkitPro/libogc/include/freetype2 -I/c/devkitPro/libogc/include -L/c/devkitPro/libogc/lib/wii  conftest.c >&5
conftest.c:49:21: error: strings.h: No such file or directory
configure:7109: $? = 1
configure: failed program was:
| /* confdefs.h.  */
| #define PACKAGE_NAME "libpng"
| #define PACKAGE_TARNAME "libpng"
| #define PACKAGE_VERSION "1.2.37"
| #define PACKAGE_STRING "libpng 1.2.37"
| #define PACKAGE_BUGREPORT "png-mng-implement@lists.sourceforge.net"
| #define PACKAGE "libpng"
| #define VERSION "1.2.37"
| #define STDC_HEADERS 1
| #define HAVE_SYS_TYPES_H 1
| #define HAVE_SYS_STAT_H 1
| #define HAVE_STDLIB_H 1
| #define HAVE_STRING_H 1
| /* end confdefs.h.  */
| #include <stdio.h>
| #ifdef HAVE_SYS_TYPES_H
| # include <sys/types.h>
| #endif
| #ifdef HAVE_SYS_STAT_H
| # include <sys/stat.h>
| #endif
| #ifdef STDC_HEADERS
| # include <stdlib.h>
| # include <stddef.h>
| #else
| # ifdef HAVE_STDLIB_H
| #  include <stdlib.h>
| # endif
| #endif
| #ifdef HAVE_STRING_H
| # if !defined STDC_HEADERS && defined HAVE_MEMORY_H
| #  include <memory.h>
| # endif
| # include <string.h>
| #endif
| #ifdef HAVE_STRINGS_H
| # include <strings.h>
| #endif
| #ifdef HAVE_INTTYPES_H
| # include <inttypes.h>
| #endif
| #ifdef HAVE_STDINT_H
| # include <stdint.h>
| #endif
| #ifdef HAVE_UNISTD_H
| # include <unistd.h>
| #endif
| 
| #include <strings.h>
configure:7126: result: no
configure:7081: checking for inttypes.h
configure:7102: /c/devkitPro/devkitPPC/bin/powerpc-eabi-gcc -c -mcpu=750 -O2 -I/c/devkitPro/libogc/include/freetype2 -I/c/devkitPro/libogc/include -L/c/devkitPro/libogc/lib/wii  conftest.c >&5
configure:7109: $? = 0
configure:7126: result: yes
configure:7081: checking for stdint.h
configure:7102: /c/devkitPro/devkitPPC/bin/powerpc-eabi-gcc -c -mcpu=750 -O2 -I/c/devkitPro/libogc/include/freetype2 -I/c/devkitPro/libogc/include -L/c/devkitPro/libogc/lib/wii  conftest.c >&5
configure:7109: $? = 0
configure:7126: result: yes
configure:7081: checking for unistd.h
configure:7102: /c/devkitPro/devkitPPC/bin/powerpc-eabi-gcc -c -mcpu=750 -O2 -I/c/devkitPro/libogc/include/freetype2 -I/c/devkitPro/libogc/include -L/c/devkitPro/libogc/lib/wii  conftest.c >&5
configure:7109: $? = 0
configure:7126: result: yes
configure:7143: checking for dlfcn.h
configure:7164: /c/devkitPro/devkitPPC/bin/powerpc-eabi-gcc -c -mcpu=750 -O2 -I/c/devkitPro/libogc/include/freetype2 -I/c/devkitPro/libogc/include -L/c/devkitPro/libogc/lib/wii  conftest.c >&5
conftest.c:52:19: error: dlfcn.h: No such file or directory
configure:7171: $? = 1
configure: failed program was:
| /* confdefs.h.  */
| #define PACKAGE_NAME "libpng"
| #define PACKAGE_TARNAME "libpng"
| #define PACKAGE_VERSION "1.2.37"
| #define PACKAGE_STRING "libpng 1.2.37"
| #define PACKAGE_BUGREPORT "png-mng-implement@lists.sourceforge.net"
| #define PACKAGE "libpng"
| #define VERSION "1.2.37"
| #define STDC_HEADERS 1
| #define HAVE_SYS_TYPES_H 1
| #define HAVE_SYS_STAT_H 1
| #define HAVE_STDLIB_H 1
| #define HAVE_STRING_H 1
| #define HAVE_INTTYPES_H 1
| #define HAVE_STDINT_H 1
| #define HAVE_UNISTD_H 1
| /* end confdefs.h.  */
| #include <stdio.h>
| #ifdef HAVE_SYS_TYPES_H
| # include <sys/types.h>
| #endif
| #ifdef HAVE_SYS_STAT_H
| # include <sys/stat.h>
| #endif
| #ifdef STDC_HEADERS
| # include <stdlib.h>
| # include <stddef.h>
| #else
| # ifdef HAVE_STDLIB_H
| #  include <stdlib.h>
| # endif
| #endif
| #ifdef HAVE_STRING_H
| # if !defined STDC_HEADERS && defined HAVE_MEMORY_H
| #  include <memory.h>
| # endif
| # include <string.h>
| #endif
| #ifdef HAVE_STRINGS_H
| # include <strings.h>
| #endif
| #ifdef HAVE_INTTYPES_H
| # include <inttypes.h>
| #endif
| #ifdef HAVE_STDINT_H
| # include <stdint.h>
| #endif
| #ifdef HAVE_UNISTD_H
| # include <unistd.h>
| #endif
| 
| #include <dlfcn.h>
configure:7188: result: no
configure:7371: checking for objdir
configure:7386: result: .libs
configure:7678: checking if /c/devkitPro/devkitPPC/bin/powerpc-eabi-gcc supports -fno-rtti -fno-exceptions
configure:7696: /c/devkitPro/devkitPPC/bin/powerpc-eabi-gcc -c -mcpu=750 -O2 -I/c/devkitPro/libogc/include/freetype2 -I/c/devkitPro/libogc/include -L/c/devkitPro/libogc/lib/wii  -fno-rtti -fno-exceptions conftest.c >&5
cc1.exe: warning: command line option "-fno-rtti" is valid for C++/ObjC++ but not for C
configure:7700: $? = 0
configure:7713: result: no
configure:7733: checking for /c/devkitPro/devkitPPC/bin/powerpc-eabi-gcc option to produce PIC
configure:7990: result: -fPIC -DPIC
configure:8002: checking if /c/devkitPro/devkitPPC/bin/powerpc-eabi-gcc PIC flag -fPIC -DPIC works
configure:8020: /c/devkitPro/devkitPPC/bin/powerpc-eabi-gcc -c -mcpu=750 -O2 -I/c/devkitPro/libogc/include/freetype2 -I/c/devkitPro/libogc/include -L/c/devkitPro/libogc/lib/wii  -fPIC -DPIC -DPIC conftest.c >&5
configure:8024: $? = 0
configure:8037: result: yes
configure:8061: checking if /c/devkitPro/devkitPPC/bin/powerpc-eabi-gcc static flag -static works
c:/devkitpro/devkitppc/bin/../lib/gcc/powerpc-eabi/4.4.1/../../../../powerpc-eabi/bin/ld.exe: warning: cannot find entry symbol _start; defaulting to 01800098
configure:8089: result: yes
configure:8104: checking if /c/devkitPro/devkitPPC/bin/powerpc-eabi-gcc supports -c -o file.o
configure:8125: /c/devkitPro/devkitPPC/bin/powerpc-eabi-gcc -c -mcpu=750 -O2 -I/c/devkitPro/libogc/include/freetype2 -I/c/devkitPro/libogc/include -L/c/devkitPro/libogc/lib/wii  -o out/conftest2.o conftest.c >&5
configure:8129: $? = 0
configure:8151: result: yes
configure:8159: checking if /c/devkitPro/devkitPPC/bin/powerpc-eabi-gcc supports -c -o file.o
configure:8206: result: yes
configure:8239: checking whether the /c/devkitPro/devkitPPC/bin/powerpc-eabi-gcc linker (/c/devkitPro/devkitPPC/bin/powerpc-eabi-ld) supports shared libraries
configure:9305: result: yes
configure:9342: checking whether -lc should be explicitly linked in
configure:9347: /c/devkitPro/devkitPPC/bin/powerpc-eabi-gcc -c -mcpu=750 -O2 -I/c/devkitPro/libogc/include/freetype2 -I/c/devkitPro/libogc/include -L/c/devkitPro/libogc/lib/wii  conftest.c >&5
configure:9350: $? = 0
configure:9365: /c/devkitPro/devkitPPC/bin/powerpc-eabi-gcc -shared conftest.o  -v -Wl,-soname -Wl,conftest -o conftest 2\>\&1 \| /bin/grep  -lc  \>/dev/null 2\>\&1
configure:9368: $? = 0
configure:9380: result: no
configure:9544: checking dynamic linker characteristics
configure:10227: result: no
configure:10329: checking how to hardcode library paths into programs
configure:10354: result: immediate
configure:11195: checking whether stripping libraries is possible
configure:11200: result: yes
configure:11235: checking if libtool supports shared libraries
configure:11237: result: no
configure:11240: checking whether to build shared libraries
configure:11261: result: no
configure:11264: checking whether to build static libraries
configure:11268: result: yes
configure:11305: checking for ANSI C header files
configure:11473: result: yes
configure:11502: checking malloc.h usability
configure:11519: /c/devkitPro/devkitPPC/bin/powerpc-eabi-gcc -c -mcpu=750 -O2 -I/c/devkitPro/libogc/include/freetype2 -I/c/devkitPro/libogc/include -L/c/devkitPro/libogc/lib/wii  conftest.c >&5
configure:11526: $? = 0
configure:11540: result: yes
configure:11544: checking malloc.h presence
configure:11559: /c/devkitPro/devkitPPC/bin/powerpc-eabi-cpp  conftest.c
configure:11566: $? = 0
configure:11580: result: yes
configure:11613: checking for malloc.h
configure:11622: result: yes
configure:11491: checking for stdlib.h
configure:11498: result: yes
configure:11491: checking for string.h
configure:11498: result: yes
configure:11491: checking for strings.h
configure:11498: result: no
configure:11638: checking for an ANSI C-conforming const
configure:11713: /c/devkitPro/devkitPPC/bin/powerpc-eabi-gcc -c -mcpu=750 -O2 -I/c/devkitPro/libogc/include/freetype2 -I/c/devkitPro/libogc/include -L/c/devkitPro/libogc/lib/wii  conftest.c >&5
configure:11720: $? = 0
configure:11735: result: yes
configure:11745: checking for size_t
configure:11773: /c/devkitPro/devkitPPC/bin/powerpc-eabi-gcc -c -mcpu=750 -O2 -I/c/devkitPro/libogc/include/freetype2 -I/c/devkitPro/libogc/include -L/c/devkitPro/libogc/lib/wii  conftest.c >&5
configure:11780: $? = 0
configure:11807: /c/devkitPro/devkitPPC/bin/powerpc-eabi-gcc -c -mcpu=750 -O2 -I/c/devkitPro/libogc/include/freetype2 -I/c/devkitPro/libogc/include -L/c/devkitPro/libogc/lib/wii  conftest.c >&5
conftest.c: In function 'main':
conftest.c:59: error: expected expression before ')' token
configure:11814: $? = 1
configure: failed program was:
| /* confdefs.h.  */
| #define PACKAGE_NAME "libpng"
| #define PACKAGE_TARNAME "libpng"
| #define PACKAGE_VERSION "1.2.37"
| #define PACKAGE_STRING "libpng 1.2.37"
| #define PACKAGE_BUGREPORT "png-mng-implement@lists.sourceforge.net"
| #define PACKAGE "libpng"
| #define VERSION "1.2.37"
| #define STDC_HEADERS 1
| #define HAVE_SYS_TYPES_H 1
| #define HAVE_SYS_STAT_H 1
| #define HAVE_STDLIB_H 1
| #define HAVE_STRING_H 1
| #define HAVE_INTTYPES_H 1
| #define HAVE_STDINT_H 1
| #define HAVE_UNISTD_H 1
| #define LT_OBJDIR ".libs/"
| #define STDC_HEADERS 1
| #define HAVE_MALLOC_H 1
| #define HAVE_STDLIB_H 1
| #define HAVE_STRING_H 1
| /* end confdefs.h.  */
| #include <stdio.h>
| #ifdef HAVE_SYS_TYPES_H
| # include <sys/types.h>
| #endif
| #ifdef HAVE_SYS_STAT_H
| # include <sys/stat.h>
| #endif
| #ifdef STDC_HEADERS
| # include <stdlib.h>
| # include <stddef.h>
| #else
| # ifdef HAVE_STDLIB_H
| #  include <stdlib.h>
| # endif
| #endif
| #ifdef HAVE_STRING_H
| # if !defined STDC_HEADERS && defined HAVE_MEMORY_H
| #  include <memory.h>
| # endif
| # include <string.h>
| #endif
| #ifdef HAVE_STRINGS_H
| # include <strings.h>
| #endif
| #ifdef HAVE_INTTYPES_H
| # include <inttypes.h>
| #endif
| #ifdef HAVE_STDINT_H
| # include <stdint.h>
| #endif
| #ifdef HAVE_UNISTD_H
| # include <unistd.h>
| #endif
| int
| main ()
| {
| if (sizeof ((size_t)))
| 	  return 0;
|   ;
|   return 0;
| }
configure:11837: result: yes
configure:11849: checking whether struct tm is in sys/time.h or time.h
configure:11879: /c/devkitPro/devkitPPC/bin/powerpc-eabi-gcc -c -mcpu=750 -O2 -I/c/devkitPro/libogc/include/freetype2 -I/c/devkitPro/libogc/include -L/c/devkitPro/libogc/lib/wii  conftest.c >&5
configure:11886: $? = 0
configure:11901: result: time.h
configure:11913: checking for working strtod
configure:11995: result: no
configure:12004: checking for pow
configure:12060: /c/devkitPro/devkitPPC/bin/powerpc-eabi-gcc -o conftest -mcpu=750 -O2 -I/c/devkitPro/libogc/include/freetype2 -I/c/devkitPro/libogc/include -L/c/devkitPro/libogc/lib/wii   conftest.c  >&5
conftest.c:46: warning: conflicting types for built-in function 'pow'
c:/devkitpro/devkitppc/bin/../lib/gcc/powerpc-eabi/4.4.1/../../../../powerpc-eabi/bin/ld.exe: warning: cannot find entry symbol _start; defaulting to 018000b8
c:/devkitpro/devkitppc/bin/../lib/gcc/powerpc-eabi/4.4.1/../../../../powerpc-eabi/lib\libm.a(lib_a-s_pow.o): In function `pow':
(.text.pow+0x174): undefined reference to `__errno'
c:/devkitpro/devkitppc/bin/../lib/gcc/powerpc-eabi/4.4.1/../../../../powerpc-eabi/lib\libm.a(lib_a-s_pow.o): In function `pow':
(.text.pow+0x1b8): undefined reference to `__errno'
c:/devkitpro/devkitppc/bin/../lib/gcc/powerpc-eabi/4.4.1/../../../../powerpc-eabi/lib\libm.a(lib_a-s_pow.o): In function `pow':
(.text.pow+0x1cc): undefined reference to `__errno'
c:/devkitpro/devkitppc/bin/../lib/gcc/powerpc-eabi/4.4.1/../../../../powerpc-eabi/lib\libm.a(lib_a-s_pow.o): In function `pow':
(.text.pow+0x1f0): undefined reference to `__errno'
c:/devkitpro/devkitppc/bin/../lib/gcc/powerpc-eabi/4.4.1/../../../../powerpc-eabi/lib\libm.a(lib_a-s_pow.o): In function `pow':
(.text.pow+0x2ac): undefined reference to `__errno'
c:/devkitpro/devkitppc/bin/../lib/gcc/powerpc-eabi/4.4.1/../../../../powerpc-eabi/lib\libm.a(lib_a-s_exp.o):(.text.exp+0x158): more undefined references to `__errno' follow
collect2: ld returned 1 exit status
configure:12067: $? = 1
configure: failed program was:
| /* confdefs.h.  */
| #define PACKAGE_NAME "libpng"
| #define PACKAGE_TARNAME "libpng"
| #define PACKAGE_VERSION "1.2.37"
| #define PACKAGE_STRING "libpng 1.2.37"
| #define PACKAGE_BUGREPORT "png-mng-implement@lists.sourceforge.net"
| #define PACKAGE "libpng"
| #define VERSION "1.2.37"
| #define STDC_HEADERS 1
| #define HAVE_SYS_TYPES_H 1
| #define HAVE_SYS_STAT_H 1
| #define HAVE_STDLIB_H 1
| #define HAVE_STRING_H 1
| #define HAVE_INTTYPES_H 1
| #define HAVE_STDINT_H 1
| #define HAVE_UNISTD_H 1
| #define LT_OBJDIR ".libs/"
| #define STDC_HEADERS 1
| #define HAVE_MALLOC_H 1
| #define HAVE_STDLIB_H 1
| #define HAVE_STRING_H 1
| /* end confdefs.h.  */
| /* Define pow to an innocuous variant, in case <limits.h> declares pow.
|    For example, HP-UX 11i <limits.h> declares gettimeofday.  */
| #define pow innocuous_pow
| 
| /* System header to define __stub macros and hopefully few prototypes,
|     which can conflict with char pow (); below.
|     Prefer <limits.h> to <assert.h> if __STDC__ is defined, since
|     <limits.h> exists even on freestanding compilers.  */
| 
| #ifdef __STDC__
| # include <limits.h>
| #else
| # include <assert.h>
| #endif
| 
| #undef pow
| 
| /* Override any GCC internal prototype to avoid an error.
|    Use char because int might match the return type of a GCC
|    builtin and then its argument prototype would still apply.  */
| #ifdef __cplusplus
| extern "C"
| #endif
| char pow ();
| /* The GNU C library defines this for functions which it implements
|     to always fail with ENOSYS.  Some functions are actually named
|     something starting with __ and the normal name is an alias.  */
| #if defined __stub_pow || defined __stub___pow
| choke me
| #endif
| 
| int
| main ()
| {
| return pow ();
|   ;
|   return 0;
| }
configure:12087: result: no
configure:12091: checking for pow in -lm
configure:12126: /c/devkitPro/devkitPPC/bin/powerpc-eabi-gcc -o conftest -mcpu=750 -O2 -I/c/devkitPro/libogc/include/freetype2 -I/c/devkitPro/libogc/include -L/c/devkitPro/libogc/lib/wii   conftest.c -lm   >&5
conftest.c:30: warning: conflicting types for built-in function 'pow'
c:/devkitpro/devkitppc/bin/../lib/gcc/powerpc-eabi/4.4.1/../../../../powerpc-eabi/bin/ld.exe: warning: cannot find entry symbol _start; defaulting to 018000b8
configure:12133: $? = 0
configure:12154: result: yes
configure:12171: checking for memset
configure:12227: /c/devkitPro/devkitPPC/bin/powerpc-eabi-gcc -o conftest -mcpu=750 -O2 -I/c/devkitPro/libogc/include/freetype2 -I/c/devkitPro/libogc/include -L/c/devkitPro/libogc/lib/wii   conftest.c  >&5
conftest.c:46: warning: conflicting types for built-in function 'memset'
c:/devkitpro/devkitppc/bin/../lib/gcc/powerpc-eabi/4.4.1/../../../../powerpc-eabi/bin/ld.exe: warning: cannot find entry symbol _start; defaulting to 018000b8
configure:12234: $? = 0
configure:12256: result: yes
configure:12275: checking for pow
configure:12360: result: no
configure:12370: checking for pow in -lm
configure:12433: result: yes
configure:12452: checking for zlibVersion in -lz
configure:12487: /c/devkitPro/devkitPPC/bin/powerpc-eabi-gcc -o conftest -mcpu=750 -O2 -I/c/devkitPro/libogc/include/freetype2 -I/c/devkitPro/libogc/include -L/c/devkitPro/libogc/lib/wii   conftest.c -lz  -lm  >&5
c:/devkitpro/devkitppc/bin/../lib/gcc/powerpc-eabi/4.4.1/../../../../powerpc-eabi/bin/ld.exe: warning: cannot find entry symbol _start; defaulting to 018000b8
configure:12494: $? = 0
configure:12515: result: yes
configure:12532: checking if assembler code in pnggccrd.c can be compiled without PNG_NO_MMX_CODE
configure:12555: /c/devkitPro/devkitPPC/bin/powerpc-eabi-gcc -c -mcpu=750 -O2 -I/c/devkitPro/libogc/include/freetype2 -I/c/devkitPro/libogc/include -L/c/devkitPro/libogc/lib/wii  conftest.c >&5
configure:12562: $? = 0
configure:12567: result: yes
configure:12584: checking if libraries can be versioned
configure:12589: result: yes
configure:12608: checking for symbol prefix
configure:12615: result: 
configure:12637: pkgconfig directory is ${libdir}/pkgconfig
configure:12811: creating ./config.status

## ---------------------- ##
## Running config.status. ##
## ---------------------- ##

This file was extended by libpng config.status 1.2.37, which was
generated by GNU Autoconf 2.62.  Invocation command line was

  CONFIG_FILES    = 
  CONFIG_HEADERS  = 
  CONFIG_LINKS    = 
  CONFIG_COMMANDS = 
  $ ./config.status 

on DESARROLLO

config.status:999: creating Makefile
config.status:999: creating libpng.pc
config.status:999: creating libpng-config
config.status:999: creating config.h
config.status:1273: executing depfiles commands
config.status:1273: executing libtool commands

## ---------------- ##
## Cache variables. ##
## ---------------- ##

ac_cv_build=i686-pc-mingw32
ac_cv_c_compiler_gnu=yes
ac_cv_c_const=yes
ac_cv_env_CC_set=set
ac_cv_env_CC_value=/c/devkitPro/devkitPPC/bin/powerpc-eabi-gcc
ac_cv_env_CFLAGS_set=set
ac_cv_env_CFLAGS_value='-mcpu=750 -O2 -I/c/devkitPro/libogc/include/freetype2 -I/c/devkitPro/libogc/include -L/c/devkitPro/libogc/lib/wii'
ac_cv_env_CPPFLAGS_set=
ac_cv_env_CPPFLAGS_value=
ac_cv_env_CPP_set=set
ac_cv_env_CPP_value=/c/devkitPro/devkitPPC/bin/powerpc-eabi-cpp
ac_cv_env_LDFLAGS_set=
ac_cv_env_LDFLAGS_value=
ac_cv_env_LIBS_set=
ac_cv_env_LIBS_value=
ac_cv_env_build_alias_set=
ac_cv_env_build_alias_value=
ac_cv_env_host_alias_set=set
ac_cv_env_host_alias_value=ppc
ac_cv_env_target_alias_set=
ac_cv_env_target_alias_value=
ac_cv_func_memset=yes
ac_cv_func_pow=no
ac_cv_func_strtod=no
ac_cv_header_dlfcn_h=no
ac_cv_header_inttypes_h=yes
ac_cv_header_malloc_h=yes
ac_cv_header_memory_h=no
ac_cv_header_stdc=yes
ac_cv_header_stdint_h=yes
ac_cv_header_stdlib_h=yes
ac_cv_header_string_h=yes
ac_cv_header_strings_h=no
ac_cv_header_sys_stat_h=yes
ac_cv_header_sys_types_h=yes
ac_cv_header_unistd_h=yes
ac_cv_host=powerpc-unknown-none
ac_cv_lib_m_pow=yes
ac_cv_lib_z_zlibVersion=yes
ac_cv_objext=o
ac_cv_path_EGREP='/bin/grep -E'
ac_cv_path_FGREP='/bin/grep -F'
ac_cv_path_GREP=/bin/grep
ac_cv_path_SED=/bin/sed
ac_cv_path_install='/bin/install -c'
ac_cv_path_mkdir=/bin/mkdir
ac_cv_prog_AR=/c/devkitPro/devkitPPC/bin/powerpc-eabi-ar
ac_cv_prog_AWK=gawk
ac_cv_prog_CC=/c/devkitPro/devkitPPC/bin/powerpc-eabi-gcc
ac_cv_prog_CPP=/c/devkitPro/devkitPPC/bin/powerpc-eabi-cpp
ac_cv_prog_RANLIB=/c/devkitPro/devkitPPC/bin/powerpc-eabi-ranlib
ac_cv_prog_SED=/bin/sed
ac_cv_prog_STRIP=/c/devkitPro/devkitPPC/bin/powerpc-eabi-strip
ac_cv_prog_ac_ct_DUMPBIN='link -dump -symbols'
ac_cv_prog_cc_c89=
ac_cv_prog_cc_g=yes
ac_cv_prog_make_make_set=yes
ac_cv_struct_tm=time.h
ac_cv_type_size_t=yes
am_cv_CC_dependencies_compiler_type=gcc3
lt_cv_deplibs_check_method=unknown
lt_cv_file_magic_cmd='$MAGIC_CMD'
lt_cv_file_magic_test_file=
lt_cv_ld_reload_flag=-r
lt_cv_nm_interface='BSD nm'
lt_cv_objdir=.libs
lt_cv_path_LD=/c/devkitPro/devkitPPC/bin/powerpc-eabi-ld
lt_cv_path_NM=no
lt_cv_prog_compiler_c_o=yes
lt_cv_prog_compiler_pic_works=yes
lt_cv_prog_compiler_rtti_exceptions=no
lt_cv_prog_compiler_static_works=yes
lt_cv_prog_gnu_ld=yes
lt_cv_sys_global_symbol_pipe=
lt_cv_sys_global_symbol_to_c_name_address='sed -n -e '\''s/^: \([^ ]*\) $/  {\"\1\", (void *) 0},/p'\'' -e '\''s/^[BCDEGRST]* \([^ ]*\) \([^ ]*\)$/  {"\2", (void *) \&\2},/p'\'''
lt_cv_sys_global_symbol_to_c_name_address_lib_prefix='sed -n -e '\''s/^: \([^ ]*\) $/  {\"\1\", (void *) 0},/p'\'' -e '\''s/^[BCDEGRST]* \([^ ]*\) \(lib[^ ]*\)$/  {"\2", (void *) \&\2},/p'\'' -e '\''s/^[BCDEGRST]* \([^ ]*\) \([^ ]*\)$/  {"lib\2", (void *) \&\2},/p'\'''
lt_cv_sys_global_symbol_to_cdecl=
lt_cv_sys_max_cmd_len=8192

## ----------------- ##
## Output variables. ##
## ----------------- ##

ACLOCAL='${SHELL} /home/libs/libpng/missing --run aclocal-1.10'
AMDEPBACKSLASH='\'
AMDEP_FALSE='#'
AMDEP_TRUE=''
AMTAR='${SHELL} /home/libs/libpng/missing --run tar'
AR='/c/devkitPro/devkitPPC/bin/powerpc-eabi-ar'
AS='as'
AUTOCONF='${SHELL} /home/libs/libpng/missing --run autoconf'
AUTOHEADER='${SHELL} /home/libs/libpng/missing --run autoheader'
AUTOMAKE='${SHELL} /home/libs/libpng/missing --run automake-1.10'
AWK='gawk'
CC='/c/devkitPro/devkitPPC/bin/powerpc-eabi-gcc'
CCDEPMODE='depmode=gcc3'
CFLAGS='-mcpu=750 -O2 -I/c/devkitPro/libogc/include/freetype2 -I/c/devkitPro/libogc/include -L/c/devkitPro/libogc/lib/wii'
CPP='/c/devkitPro/devkitPPC/bin/powerpc-eabi-cpp'
CPPFLAGS=''
CYGPATH_W='echo'
DEFS='-DHAVE_CONFIG_H'
DEPDIR='.deps'
DLLTOOL='dlltool'
DSYMUTIL=''
DUMPBIN='link -dump -symbols'
ECHO_C=''
ECHO_N='-n'
ECHO_T=''
EGREP='/bin/grep -E'
EXEEXT=''
FGREP='/bin/grep -F'
GREP='/bin/grep'
HAVE_LD_VERSION_SCRIPT_FALSE='#'
HAVE_LD_VERSION_SCRIPT_TRUE=''
INSTALL_DATA='${INSTALL} -m 644'
INSTALL_PROGRAM='${INSTALL}'
INSTALL_SCRIPT='${INSTALL}'
INSTALL_STRIP_PROGRAM='$(install_sh) -c -s'
LD='/c/devkitPro/devkitPPC/bin/powerpc-eabi-ld'
LDFLAGS=''
LIBOBJS=' ${LIBOBJDIR}strtod$U.o'
LIBPNG_DEFINES='-DPNG_CONFIGURE_LIBPNG '
LIBPNG_NO_MMX=''
LIBS='-lz -lm '
LIBTOOL='$(SHELL) $(top_builddir)/libtool'
LIPO=''
LN_S='ln -s'
LTLIBOBJS=' ${LIBOBJDIR}strtod$U.lo'
MAINT='#'
MAINTAINER_MODE_FALSE=''
MAINTAINER_MODE_TRUE='#'
MAKEINFO='${SHELL} /home/libs/libpng/missing --run makeinfo'
MKDIR_P='/bin/mkdir -p'
NM='link -dump -symbols'
NMEDIT=''
OBJDUMP='/c/devkitPro/devkitPPC/bin/powerpc-eabi-objdump'
OBJEXT='o'
PACKAGE='libpng'
PACKAGE_BUGREPORT='png-mng-implement@lists.sourceforge.net'
PACKAGE_NAME='libpng'
PACKAGE_STRING='libpng 1.2.37'
PACKAGE_TARNAME='libpng'
PACKAGE_VERSION='1.2.37'
PATH_SEPARATOR=':'
PNGLIB_MAJOR='1'
PNGLIB_MINOR='2'
PNGLIB_RELEASE='37'
PNGLIB_VERSION='1.2.37'
POW_LIB='-lm'
RANLIB='/c/devkitPro/devkitPPC/bin/powerpc-eabi-ranlib'
SED='/bin/sed'
SET_MAKE=''
SHELL='/bin/sh'
STRIP='/c/devkitPro/devkitPPC/bin/powerpc-eabi-strip'
SYMBOL_PREFIX=''
VERSION='1.2.37'
ac_ct_CC=''
ac_ct_DUMPBIN='link -dump -symbols'
am__fastdepCC_FALSE='#'
am__fastdepCC_TRUE=''
am__include='include'
am__isrc=''
am__leading_dot='.'
am__quote=''
am__tar='${AMTAR} chof - "$$tardir"'
am__untar='${AMTAR} xf -'
binconfigs='${binconfigs}'
bindir='${exec_prefix}/bin'
build='i686-pc-mingw32'
build_alias=''
build_cpu='i686'
build_os='mingw32'
build_vendor='pc'
compatlib='libpng.la'
datadir='${datarootdir}'
datarootdir='${prefix}/share'
docdir='${datarootdir}/doc/${PACKAGE_TARNAME}'
dvidir='${docdir}'
exec_prefix='${prefix}'
host='powerpc-unknown-none'
host_alias='ppc'
host_cpu='powerpc'
host_os='none'
host_vendor='unknown'
htmldir='${docdir}'
includedir='${prefix}/include'
infodir='${datarootdir}/info'
install_sh='$(SHELL) /home/libs/libpng/install-sh'
libdir='/c/devkitPro/libogc/lib/wii'
libexecdir='${exec_prefix}/libexec'
localedir='${datarootdir}/locale'
localstatedir='${prefix}/var'
lt_ECHO='echo'
mandir='${datarootdir}/man'
mkdir_p='/bin/mkdir -p'
oldincludedir='/usr/include'
pdfdir='${docdir}'
pkgconfigdir='${libdir}/pkgconfig'
prefix='/c/devkitPro/libogc'
program_transform_name='s,x,x,'
psdir='${docdir}'
sbindir='${exec_prefix}/sbin'
sharedstatedir='${prefix}/com'
sysconfdir='${prefix}/etc'
target_alias=''

## ----------- ##
## confdefs.h. ##
## ----------- ##

#define PACKAGE_NAME "libpng"
#define PACKAGE_TARNAME "libpng"
#define PACKAGE_VERSION "1.2.37"
#define PACKAGE_STRING "libpng 1.2.37"
#define PACKAGE_BUGREPORT "png-mng-implement@lists.sourceforge.net"
#define PACKAGE "libpng"
#define VERSION "1.2.37"
#define STDC_HEADERS 1
#define HAVE_SYS_TYPES_H 1
#define HAVE_SYS_STAT_H 1
#define HAVE_STDLIB_H 1
#define HAVE_STRING_H 1
#define HAVE_INTTYPES_H 1
#define HAVE_STDINT_H 1
#define HAVE_UNISTD_H 1
#define LT_OBJDIR ".libs/"
#define STDC_HEADERS 1
#define HAVE_MALLOC_H 1
#define HAVE_STDLIB_H 1
#define HAVE_STRING_H 1
#define HAVE_MEMSET 1
#define HAVE_LIBM 1
#define HAVE_LIBZ 1

configure: exit 0
